<?xml version="1.0" encoding="UTF-8"?>
<!-- Generated by org.testng.reporters.JUnitXMLReporter -->
<testsuite ignored="0" hostname="DESKTOP-HLDJSFT" failures="0" tests="10" name="Default test" time="158.691" errors="0" timestamp="20 Jul 2020 06:19:19 GMT">
  <testcase classname="tests.FbLoginTester" name="getFBPage" time="6.239"/>
  <testcase classname="tests.FbLoginTester" name="testFailingLogin" time="42.308"/>
  <testcase classname="tests.FbLoginTester" name="testFailingLogin" time="12.04"/>
  <testcase classname="tests.FbLoginTester" name="testFailingLogin" time="12.096"/>
  <testcase classname="tests.FbLoginTester" name="testFailingLogin" time="12.277"/>
  <testcase classname="tests.FbLoginTester" name="testFailingLogin" time="12.79"/>
  <testcase classname="tests.FbLoginTester" name="testFailingLogin" time="12.588"/>
  <testcase classname="tests.FbLoginTester" name="testFailingLogin" time="12.754"/>
  <testcase classname="tests.FbLoginTester" name="testFailingLogin" time="12.533"/>
  <testcase classname="tests.FbLoginTester" name="testFailingLogin" time="12.913"/>
</testsuite> <!-- Default test -->
