<?xml version="1.0" encoding="UTF-8"?>
<!-- Generated by org.testng.reporters.JUnitXMLReporter -->
<testsuite ignored="0" hostname="DESKTOP-HLDJSFT" failures="0" tests="10" name="Test" time="141.435" errors="0" timestamp="13 Jul 2020 19:38:45 GMT">
  <testcase classname="tests.FbLoginTester" name="getFBPage" time="5.9"/>
  <testcase classname="tests.FbLoginTester" name="testFailingLogin" time="13.29"/>
  <testcase classname="tests.FbLoginTester" name="testFailingLogin" time="13.771"/>
  <testcase classname="tests.FbLoginTester" name="testFailingLogin" time="13.874"/>
  <testcase classname="tests.FbLoginTester" name="testFailingLogin" time="13.916"/>
  <testcase classname="tests.FbLoginTester" name="testFailingLogin" time="14.095"/>
  <testcase classname="tests.FbLoginTester" name="testFailingLogin" time="14.422"/>
  <testcase classname="tests.FbLoginTester" name="testFailingLogin" time="14.131"/>
  <testcase classname="tests.FbLoginTester" name="testFailingLogin" time="13.839"/>
  <testcase classname="tests.FbLoginTester" name="testFailingLogin" time="14.109"/>
</testsuite> <!-- Test -->
