<?xml version="1.0" encoding="UTF-8"?>
<testsuite xmlns:xsi="http://www.w3.org/2001/XMLSchema-instance" xsi:noNamespaceSchemaLocation="https://maven.apache.org/surefire/maven-surefire-plugin/xsd/surefire-test-report-3.0.xsd" version="3.0" name="TestSuite" time="179.772" tests="10" errors="0" skipped="0" failures="1">
  <properties>
[...]
</properties>
  <testcase name="getFBPage" classname="tests.FbLoginTester" time="6.788">
    <system-out><![CDATA[[TestNGContentHandler] [WARN] It is strongly recommended to add "<!DOCTYPE suite SYSTEM "http://testng.org/testng-1.0.dtd" >" at the top of your file, otherwise TestNG may fail or not work as expected.
C:\Users\Santosh\Desktop\Aparna\Selenium\fbLogin
Took a screenshot
]]></system-out>
    <system-err><![CDATA[Starting ChromeDriver 83.0.4103.39 (ccbf011cb2d2b19b506d844400483861342c20cd-refs/branch-heads/4103@{#416}) on port 30412
Only local connections are allowed.
Please see https://chromedriver.chromium.org/security-considerations for suggestions on keeping ChromeDriver safe.
ChromeDriver was started successfully.
Jul 15, 2020 3:28:12 PM org.openqa.selenium.remote.ProtocolHandshake createSession
INFO: Detected dialect: W3C
]]></system-err>
  </testcase>
  <testcase name="testFailingLogin[, ](1)" classname="tests.FbLoginTester" time="15.129">
    <system-out><![CDATA[-------------C:\Users\Santosh\Desktop\Aparna\Selenium\fbLogin\src\main\resources\testData.xlsx--------------------
------------testData1---------------
10
----------1----------
Username :------------Password :-----------
----------2----------
Username :------------Password :-----------testcase2
----------3----------
Username :------------Password :-----------testcase
----------4----------
Username :incorrectusername------------Password :-----------
----------5----------
Username :prasoona@testcase.com------------Password :-----------
----------6----------
Username :incorrectusername------------Password :-----------incorrectpassword
----------7----------
Username :prasoona@testcase.com------------Password :-----------incorrectpassword
----------8----------
Username :incorrectusername------------Password :-----------testcase2
----------9----------
Username :prasoona@testcase.com------------Password :-----------testcase2
Took a screenshot
]]></system-out>
  </testcase>
  <testcase name="testFailingLogin[, testcase2](2)" classname="tests.FbLoginTester" time="13.789">
    <system-out><![CDATA[Took a screenshot
]]></system-out>
  </testcase>
  <testcase name="testFailingLogin[, testcase](3)" classname="tests.FbLoginTester" time="14.256">
    <system-out><![CDATA[Took a screenshot
]]></system-out>
  </testcase>
  <testcase name="testFailingLogin[incorrectusername, ](4)" classname="tests.FbLoginTester" time="14.277">
    <system-out><![CDATA[Took a screenshot
]]></system-out>
  </testcase>
  <testcase name="testFailingLogin[prasoona@testcase.com, ](5)" classname="tests.FbLoginTester" time="15.243">
    <system-out><![CDATA[Took a screenshot
]]></system-out>
  </testcase>
  <testcase name="testFailingLogin[incorrectusername, incorrectpassword](6)" classname="tests.FbLoginTester" time="14.36">
    <system-out><![CDATA[Took a screenshot
]]></system-out>
  </testcase>
  <testcase name="testFailingLogin[prasoona@testcase.com, incorrectpassword](7)" classname="tests.FbLoginTester" time="14.783">
    <system-out><![CDATA[Took a screenshot
]]></system-out>
  </testcase>
  <testcase name="testFailingLogin[incorrectusername, testcase2](8)" classname="tests.FbLoginTester" time="14.686">
    <system-out><![CDATA[Took a screenshot
]]></system-out>
  </testcase>
  <testcase name="testFailingLogin[prasoona@testcase.com, testcase2](9)" classname="tests.FbLoginTester" time="44.293">
    <failure message="no such element: Unable to locate element: {&quot;method&quot;:&quot;css selector&quot;,&quot;selector&quot;:&quot;#error_box&quot;}&#10;  (Session info: chrome=83.0.4103.116)&#10;For documentation on this error, please visit: https://www.seleniumhq.org/exceptions/no_such_element.html&#10;Build info: version: &apos;3.141.59&apos;, revision: &apos;e82be7d358&apos;, time: &apos;2018-11-14T08:17:03&apos;&#10;System info: host: &apos;DESKTOP-HLDJSFT&apos;, ip: &apos;192.168.81.1&apos;, os.name: &apos;Windows 10&apos;, os.arch: &apos;amd64&apos;, os.version: &apos;10.0&apos;, java.version: &apos;9.0.4&apos;&#10;Driver info: org.openqa.selenium.chrome.ChromeDriver&#10;Capabilities {acceptInsecureCerts: false, browserName: chrome, browserVersion: 83.0.4103.116, chrome: {chromedriverVersion: 83.0.4103.39 (ccbf011cb2d2b..., userDataDir: C:\Users\Santosh\AppData\Lo...}, goog:chromeOptions: {debuggerAddress: localhost:54482}, javascriptEnabled: true, networkConnectionEnabled: false, pageLoadStrategy: normal, platform: WINDOWS, platformName: WINDOWS, proxy: Proxy(), setWindowRect: true, strictFileInteractability: false, timeouts: {implicit: 0, pageLoad: 300000, script: 30000}, unhandledPromptBehavior: dismiss and notify, webauthn:virtualAuthenticators: true}&#10;Session ID: 555adcf9e1e748c76dac9d7aba1399bb&#10;*** Element info: {Using=id, value=error_box}" type="org.openqa.selenium.NoSuchElementException"><![CDATA[org.openqa.selenium.NoSuchElementException: 
no such element: Unable to locate element: {"method":"css selector","selector":"#error_box"}
  (Session info: chrome=83.0.4103.116)
For documentation on this error, please visit: https://www.seleniumhq.org/exceptions/no_such_element.html
Build info: version: '3.141.59', revision: 'e82be7d358', time: '2018-11-14T08:17:03'
System info: host: 'DESKTOP-HLDJSFT', ip: '192.168.81.1', os.name: 'Windows 10', os.arch: 'amd64', os.version: '10.0', java.version: '9.0.4'
Driver info: org.openqa.selenium.chrome.ChromeDriver
Capabilities {acceptInsecureCerts: false, browserName: chrome, browserVersion: 83.0.4103.116, chrome: {chromedriverVersion: 83.0.4103.39 (ccbf011cb2d2b..., userDataDir: C:\Users\Santosh\AppData\Lo...}, goog:chromeOptions: {debuggerAddress: localhost:54482}, javascriptEnabled: true, networkConnectionEnabled: false, pageLoadStrategy: normal, platform: WINDOWS, platformName: WINDOWS, proxy: Proxy(), setWindowRect: true, strictFileInteractability: false, timeouts: {implicit: 0, pageLoad: 300000, script: 30000}, unhandledPromptBehavior: dismiss and notify, webauthn:virtualAuthenticators: true}
Session ID: 555adcf9e1e748c76dac9d7aba1399bb
*** Element info: {Using=id, value=error_box}
	at tests.FbLoginTester.testFailingLogin(FbLoginTester.java:49)
]]></failure>
  </testcase>
</testsuite>