<?xml version="1.0" encoding="UTF-8"?>
<testng-results ignored="0" total="10" passed="10" failed="0" skipped="0">
  <reporter-output>
  </reporter-output>
  <suite started-at="2020-07-20T05:48:08Z" name="Suite" finished-at="2020-07-20T05:50:15Z" duration-ms="126691">
    <groups>
    </groups>
    <test started-at="2020-07-20T05:48:08Z" name="Test" finished-at="2020-07-20T05:50:15Z" duration-ms="126691">
      <class name="tests.FbLoginTester">
        <test-method is-config="true" signature="SetUp()[pri:0, instance:tests.FbLoginTester@13b3d178]" started-at="2020-07-20T05:48:08Z" name="SetUp" finished-at="2020-07-20T05:48:16Z" duration-ms="7817" status="PASS">
          <reporter-output>
          </reporter-output>
        </test-method> <!-- SetUp -->
        <test-method signature="getFBPage()[pri:0, instance:tests.FbLoginTester@13b3d178]" started-at="2020-07-20T05:48:16Z" name="getFBPage" finished-at="2020-07-20T05:48:22Z" duration-ms="5883" status="PASS">
          <reporter-output>
          </reporter-output>
        </test-method> <!-- getFBPage -->
        <test-method signature="testFailingLogin(java.lang.String, java.lang.String)[pri:0, instance:tests.FbLoginTester@13b3d178]" started-at="2020-07-20T05:48:23Z" name="testFailingLogin" data-provider="getExcelTestData" finished-at="2020-07-20T05:48:35Z" duration-ms="12526" status="PASS">
          <params>
            <param index="0">
              <value>
                <![CDATA[]]>
              </value>
            </param>
            <param index="1">
              <value>
                <![CDATA[]]>
              </value>
            </param>
          </params>
          <reporter-output>
          </reporter-output>
        </test-method> <!-- testFailingLogin -->
        <test-method signature="testFailingLogin(java.lang.String, java.lang.String)[pri:0, instance:tests.FbLoginTester@13b3d178]" started-at="2020-07-20T05:48:35Z" name="testFailingLogin" data-provider="getExcelTestData" finished-at="2020-07-20T05:48:47Z" duration-ms="12445" status="PASS">
          <params>
            <param index="0">
              <value>
                <![CDATA[]]>
              </value>
            </param>
            <param index="1">
              <value>
                <![CDATA[testcase2]]>
              </value>
            </param>
          </params>
          <reporter-output>
          </reporter-output>
        </test-method> <!-- testFailingLogin -->
        <test-method signature="testFailingLogin(java.lang.String, java.lang.String)[pri:0, instance:tests.FbLoginTester@13b3d178]" started-at="2020-07-20T05:48:47Z" name="testFailingLogin" data-provider="getExcelTestData" finished-at="2020-07-20T05:48:59Z" duration-ms="11646" status="PASS">
          <params>
            <param index="0">
              <value>
                <![CDATA[]]>
              </value>
            </param>
            <param index="1">
              <value>
                <![CDATA[testcase]]>
              </value>
            </param>
          </params>
          <reporter-output>
          </reporter-output>
        </test-method> <!-- testFailingLogin -->
        <test-method signature="testFailingLogin(java.lang.String, java.lang.String)[pri:0, instance:tests.FbLoginTester@13b3d178]" started-at="2020-07-20T05:48:59Z" name="testFailingLogin" data-provider="getExcelTestData" finished-at="2020-07-20T05:49:11Z" duration-ms="11928" status="PASS">
          <params>
            <param index="0">
              <value>
                <![CDATA[incorrectusername]]>
              </value>
            </param>
            <param index="1">
              <value>
                <![CDATA[]]>
              </value>
            </param>
          </params>
          <reporter-output>
          </reporter-output>
        </test-method> <!-- testFailingLogin -->
        <test-method signature="testFailingLogin(java.lang.String, java.lang.String)[pri:0, instance:tests.FbLoginTester@13b3d178]" started-at="2020-07-20T05:49:11Z" name="testFailingLogin" data-provider="getExcelTestData" finished-at="2020-07-20T05:49:24Z" duration-ms="12992" status="PASS">
          <params>
            <param index="0">
              <value>
                <![CDATA[alphatestcase2020@gmail.com]]>
              </value>
            </param>
            <param index="1">
              <value>
                <![CDATA[]]>
              </value>
            </param>
          </params>
          <reporter-output>
          </reporter-output>
        </test-method> <!-- testFailingLogin -->
        <test-method signature="testFailingLogin(java.lang.String, java.lang.String)[pri:0, instance:tests.FbLoginTester@13b3d178]" started-at="2020-07-20T05:49:24Z" name="testFailingLogin" data-provider="getExcelTestData" finished-at="2020-07-20T05:49:36Z" duration-ms="12170" status="PASS">
          <params>
            <param index="0">
              <value>
                <![CDATA[incorrectusername]]>
              </value>
            </param>
            <param index="1">
              <value>
                <![CDATA[incorrectpassword]]>
              </value>
            </param>
          </params>
          <reporter-output>
          </reporter-output>
        </test-method> <!-- testFailingLogin -->
        <test-method signature="testFailingLogin(java.lang.String, java.lang.String)[pri:0, instance:tests.FbLoginTester@13b3d178]" started-at="2020-07-20T05:49:36Z" name="testFailingLogin" data-provider="getExcelTestData" finished-at="2020-07-20T05:49:48Z" duration-ms="12237" status="PASS">
          <params>
            <param index="0">
              <value>
                <![CDATA[alphatestcase2020@gmail.com]]>
              </value>
            </param>
            <param index="1">
              <value>
                <![CDATA[incorrectpassword]]>
              </value>
            </param>
          </params>
          <reporter-output>
          </reporter-output>
        </test-method> <!-- testFailingLogin -->
        <test-method signature="testFailingLogin(java.lang.String, java.lang.String)[pri:0, instance:tests.FbLoginTester@13b3d178]" started-at="2020-07-20T05:49:48Z" name="testFailingLogin" data-provider="getExcelTestData" finished-at="2020-07-20T05:50:01Z" duration-ms="12487" status="PASS">
          <params>
            <param index="0">
              <value>
                <![CDATA[incorrectusername]]>
              </value>
            </param>
            <param index="1">
              <value>
                <![CDATA[testcase2]]>
              </value>
            </param>
          </params>
          <reporter-output>
          </reporter-output>
        </test-method> <!-- testFailingLogin -->
        <test-method signature="testFailingLogin(java.lang.String, java.lang.String)[pri:0, instance:tests.FbLoginTester@13b3d178]" started-at="2020-07-20T05:50:01Z" name="testFailingLogin" data-provider="getExcelTestData" finished-at="2020-07-20T05:50:14Z" duration-ms="12937" status="PASS">
          <params>
            <param index="0">
              <value>
                <![CDATA[alphatestcase2020@gmail.com]]>
              </value>
            </param>
            <param index="1">
              <value>
                <![CDATA[Alpha@2020]]>
              </value>
            </param>
          </params>
          <reporter-output>
          </reporter-output>
        </test-method> <!-- testFailingLogin -->
        <test-method is-config="true" signature="teardown()[pri:0, instance:tests.FbLoginTester@13b3d178]" started-at="2020-07-20T05:50:14Z" name="teardown" finished-at="2020-07-20T05:50:15Z" duration-ms="766" status="PASS">
          <reporter-output>
          </reporter-output>
        </test-method> <!-- teardown -->
      </class> <!-- tests.FbLoginTester -->
    </test> <!-- Test -->
  </suite> <!-- Suite -->
</testng-results>
