<?xml version="1.0" encoding="UTF-8"?>
<testng-results ignored="0" total="10" passed="9" failed="1" skipped="0">
  <reporter-output>
  </reporter-output>
  <suite started-at="2020-07-15T22:28:08Z" name="Suite" finished-at="2020-07-15T22:31:06Z" duration-ms="178106">
    <groups>
    </groups>
    <test started-at="2020-07-15T22:28:08Z" name="Test" finished-at="2020-07-15T22:31:06Z" duration-ms="178106">
      <class name="tests.FbLoginTester">
        <test-method is-config="true" signature="SetUp()[pri:0, instance:tests.FbLoginTester@1c39680d]" started-at="2020-07-15T22:28:08Z" name="SetUp" finished-at="2020-07-15T22:28:16Z" duration-ms="8079" status="PASS">
          <reporter-output>
          </reporter-output>
        </test-method> <!-- SetUp -->
        <test-method signature="getFBPage()[pri:0, instance:tests.FbLoginTester@1c39680d]" started-at="2020-07-15T22:28:16Z" name="getFBPage" finished-at="2020-07-15T22:28:23Z" duration-ms="6884" status="PASS">
          <reporter-output>
          </reporter-output>
        </test-method> <!-- getFBPage -->
        <test-method signature="testFailingLogin(java.lang.String, java.lang.String)[pri:0, instance:tests.FbLoginTester@1c39680d]" started-at="2020-07-15T22:28:24Z" name="testFailingLogin" data-provider="getExcelTestData" finished-at="2020-07-15T22:28:39Z" duration-ms="15262" status="PASS">
          <params>
            <param index="0">
              <value>
                <![CDATA[]]>
              </value>
            </param>
            <param index="1">
              <value>
                <![CDATA[]]>
              </value>
            </param>
          </params>
          <reporter-output>
          </reporter-output>
        </test-method> <!-- testFailingLogin -->
        <test-method signature="testFailingLogin(java.lang.String, java.lang.String)[pri:0, instance:tests.FbLoginTester@1c39680d]" started-at="2020-07-15T22:28:39Z" name="testFailingLogin" data-provider="getExcelTestData" finished-at="2020-07-15T22:28:53Z" duration-ms="13802" status="PASS">
          <params>
            <param index="0">
              <value>
                <![CDATA[]]>
              </value>
            </param>
            <param index="1">
              <value>
                <![CDATA[testcase2]]>
              </value>
            </param>
          </params>
          <reporter-output>
          </reporter-output>
        </test-method> <!-- testFailingLogin -->
        <test-method signature="testFailingLogin(java.lang.String, java.lang.String)[pri:0, instance:tests.FbLoginTester@1c39680d]" started-at="2020-07-15T22:28:53Z" name="testFailingLogin" data-provider="getExcelTestData" finished-at="2020-07-15T22:29:07Z" duration-ms="14257" status="PASS">
          <params>
            <param index="0">
              <value>
                <![CDATA[]]>
              </value>
            </param>
            <param index="1">
              <value>
                <![CDATA[testcase]]>
              </value>
            </param>
          </params>
          <reporter-output>
          </reporter-output>
        </test-method> <!-- testFailingLogin -->
        <test-method signature="testFailingLogin(java.lang.String, java.lang.String)[pri:0, instance:tests.FbLoginTester@1c39680d]" started-at="2020-07-15T22:29:07Z" name="testFailingLogin" data-provider="getExcelTestData" finished-at="2020-07-15T22:29:22Z" duration-ms="14276" status="PASS">
          <params>
            <param index="0">
              <value>
                <![CDATA[incorrectusername]]>
              </value>
            </param>
            <param index="1">
              <value>
                <![CDATA[]]>
              </value>
            </param>
          </params>
          <reporter-output>
          </reporter-output>
        </test-method> <!-- testFailingLogin -->
        <test-method signature="testFailingLogin(java.lang.String, java.lang.String)[pri:0, instance:tests.FbLoginTester@1c39680d]" started-at="2020-07-15T22:29:22Z" name="testFailingLogin" data-provider="getExcelTestData" finished-at="2020-07-15T22:29:37Z" duration-ms="15243" status="PASS">
          <params>
            <param index="0">
              <value>
                <![CDATA[prasoona@testcase.com]]>
              </value>
            </param>
            <param index="1">
              <value>
                <![CDATA[]]>
              </value>
            </param>
          </params>
          <reporter-output>
          </reporter-output>
        </test-method> <!-- testFailingLogin -->
        <test-method signature="testFailingLogin(java.lang.String, java.lang.String)[pri:0, instance:tests.FbLoginTester@1c39680d]" started-at="2020-07-15T22:29:37Z" name="testFailingLogin" data-provider="getExcelTestData" finished-at="2020-07-15T22:29:51Z" duration-ms="14359" status="PASS">
          <params>
            <param index="0">
              <value>
                <![CDATA[incorrectusername]]>
              </value>
            </param>
            <param index="1">
              <value>
                <![CDATA[incorrectpassword]]>
              </value>
            </param>
          </params>
          <reporter-output>
          </reporter-output>
        </test-method> <!-- testFailingLogin -->
        <test-method signature="testFailingLogin(java.lang.String, java.lang.String)[pri:0, instance:tests.FbLoginTester@1c39680d]" started-at="2020-07-15T22:29:51Z" name="testFailingLogin" data-provider="getExcelTestData" finished-at="2020-07-15T22:30:06Z" duration-ms="14783" status="PASS">
          <params>
            <param index="0">
              <value>
                <![CDATA[prasoona@testcase.com]]>
              </value>
            </param>
            <param index="1">
              <value>
                <![CDATA[incorrectpassword]]>
              </value>
            </param>
          </params>
          <reporter-output>
          </reporter-output>
        </test-method> <!-- testFailingLogin -->
        <test-method signature="testFailingLogin(java.lang.String, java.lang.String)[pri:0, instance:tests.FbLoginTester@1c39680d]" started-at="2020-07-15T22:30:06Z" name="testFailingLogin" data-provider="getExcelTestData" finished-at="2020-07-15T22:30:21Z" duration-ms="14686" status="PASS">
          <params>
            <param index="0">
              <value>
                <![CDATA[incorrectusername]]>
              </value>
            </param>
            <param index="1">
              <value>
                <![CDATA[testcase2]]>
              </value>
            </param>
          </params>
          <reporter-output>
          </reporter-output>
        </test-method> <!-- testFailingLogin -->
        <test-method signature="testFailingLogin(java.lang.String, java.lang.String)[pri:0, instance:tests.FbLoginTester@1c39680d]" started-at="2020-07-15T22:30:21Z" name="testFailingLogin" data-provider="getExcelTestData" finished-at="2020-07-15T22:31:05Z" duration-ms="44287" status="FAIL">
          <params>
            <param index="0">
              <value>
                <![CDATA[prasoona@testcase.com]]>
              </value>
            </param>
            <param index="1">
              <value>
                <![CDATA[testcase2]]>
              </value>
            </param>
          </params>
          <exception class="org.openqa.selenium.NoSuchElementException">
            <message>
              <![CDATA[no such element: Unable to locate element: {"method":"css selector","selector":"#error_box"}
  (Session info: chrome=83.0.4103.116)
For documentation on this error, please visit: https://www.seleniumhq.org/exceptions/no_such_element.html
Build info: version: '3.141.59', revision: 'e82be7d358', time: '2018-11-14T08:17:03'
System info: host: 'DESKTOP-HLDJSFT', ip: '192.168.81.1', os.name: 'Windows 10', os.arch: 'amd64', os.version: '10.0', java.version: '9.0.4'
Driver info: org.openqa.selenium.chrome.ChromeDriver
Capabilities {acceptInsecureCerts: false, browserName: chrome, browserVersion: 83.0.4103.116, chrome: {chromedriverVersion: 83.0.4103.39 (ccbf011cb2d2b..., userDataDir: C:\Users\Santosh\AppData\Lo...}, goog:chromeOptions: {debuggerAddress: localhost:54482}, javascriptEnabled: true, networkConnectionEnabled: false, pageLoadStrategy: normal, platform: WINDOWS, platformName: WINDOWS, proxy: Proxy(), setWindowRect: true, strictFileInteractability: false, timeouts: {implicit: 0, pageLoad: 300000, script: 30000}, unhandledPromptBehavior: dismiss and notify, webauthn:virtualAuthenticators: true}
Session ID: 555adcf9e1e748c76dac9d7aba1399bb
*** Element info: {Using=id, value=error_box}]]>
            </message>
            <full-stacktrace>
              <![CDATA[org.openqa.selenium.NoSuchElementException: no such element: Unable to locate element: {"method":"css selector","selector":"#error_box"}
  (Session info: chrome=83.0.4103.116)
For documentation on this error, please visit: https://www.seleniumhq.org/exceptions/no_such_element.html
Build info: version: '3.141.59', revision: 'e82be7d358', time: '2018-11-14T08:17:03'
System info: host: 'DESKTOP-HLDJSFT', ip: '192.168.81.1', os.name: 'Windows 10', os.arch: 'amd64', os.version: '10.0', java.version: '9.0.4'
Driver info: org.openqa.selenium.chrome.ChromeDriver
Capabilities {acceptInsecureCerts: false, browserName: chrome, browserVersion: 83.0.4103.116, chrome: {chromedriverVersion: 83.0.4103.39 (ccbf011cb2d2b..., userDataDir: C:\Users\Santosh\AppData\Lo...}, goog:chromeOptions: {debuggerAddress: localhost:54482}, javascriptEnabled: true, networkConnectionEnabled: false, pageLoadStrategy: normal, platform: WINDOWS, platformName: WINDOWS, proxy: Proxy(), setWindowRect: true, strictFileInteractability: false, timeouts: {implicit: 0, pageLoad: 300000, script: 30000}, unhandledPromptBehavior: dismiss and notify, webauthn:virtualAuthenticators: true}
Session ID: 555adcf9e1e748c76dac9d7aba1399bb
*** Element info: {Using=id, value=error_box}
at java.base/jdk.internal.reflect.NativeConstructorAccessorImpl.newInstance0(Native Method)
at java.base/jdk.internal.reflect.NativeConstructorAccessorImpl.newInstance(NativeConstructorAccessorImpl.java:62)
at java.base/jdk.internal.reflect.DelegatingConstructorAccessorImpl.newInstance(DelegatingConstructorAccessorImpl.java:45)
at java.base/java.lang.reflect.Constructor.newInstance(Constructor.java:488)
at org.openqa.selenium.remote.http.W3CHttpResponseCodec.createException(W3CHttpResponseCodec.java:187)
at org.openqa.selenium.remote.http.W3CHttpResponseCodec.decode(W3CHttpResponseCodec.java:122)
at org.openqa.selenium.remote.http.W3CHttpResponseCodec.decode(W3CHttpResponseCodec.java:49)
at org.openqa.selenium.remote.HttpCommandExecutor.execute(HttpCommandExecutor.java:158)
at org.openqa.selenium.remote.service.DriverCommandExecutor.execute(DriverCommandExecutor.java:83)
at org.openqa.selenium.remote.RemoteWebDriver.execute(RemoteWebDriver.java:552)
at org.openqa.selenium.remote.RemoteWebDriver.findElement(RemoteWebDriver.java:323)
at org.openqa.selenium.remote.RemoteWebDriver.findElementById(RemoteWebDriver.java:372)
at org.openqa.selenium.By$ById.findElement(By.java:188)
at org.openqa.selenium.remote.RemoteWebDriver.findElement(RemoteWebDriver.java:315)
at org.openqa.selenium.support.pagefactory.DefaultElementLocator.findElement(DefaultElementLocator.java:69)
at org.openqa.selenium.support.pagefactory.internal.LocatingElementHandler.invoke(LocatingElementHandler.java:38)
at com.sun.proxy.$Proxy8.isDisplayed(Unknown Source)
at tests.FbLoginTester.testFailingLogin(FbLoginTester.java:49)
at java.base/jdk.internal.reflect.NativeMethodAccessorImpl.invoke0(Native Method)
at java.base/jdk.internal.reflect.NativeMethodAccessorImpl.invoke(NativeMethodAccessorImpl.java:62)
at java.base/jdk.internal.reflect.DelegatingMethodAccessorImpl.invoke(DelegatingMethodAccessorImpl.java:43)
at java.base/java.lang.reflect.Method.invoke(Method.java:564)
at org.testng.internal.MethodInvocationHelper.invokeMethod(MethodInvocationHelper.java:124)
at org.testng.internal.Invoker.invokeMethod(Invoker.java:583)
at org.testng.internal.Invoker.invokeTestMethod(Invoker.java:719)
at org.testng.internal.Invoker.invokeTestMethods(Invoker.java:989)
at org.testng.internal.TestMethodWorker.invokeTestMethods(TestMethodWorker.java:125)
at org.testng.internal.TestMethodWorker.run(TestMethodWorker.java:109)
at org.testng.TestRunner.privateRun(TestRunner.java:648)
at org.testng.TestRunner.run(TestRunner.java:505)
at org.testng.SuiteRunner.runTest(SuiteRunner.java:455)
at org.testng.SuiteRunner.runSequentially(SuiteRunner.java:450)
at org.testng.SuiteRunner.privateRun(SuiteRunner.java:415)
at org.testng.SuiteRunner.run(SuiteRunner.java:364)
at org.testng.SuiteRunnerWorker.runSuite(SuiteRunnerWorker.java:52)
at org.testng.SuiteRunnerWorker.run(SuiteRunnerWorker.java:84)
at org.testng.TestNG.runSuitesSequentially(TestNG.java:1208)
at org.testng.TestNG.runSuitesLocally(TestNG.java:1137)
at org.testng.TestNG.runSuites(TestNG.java:1049)
at org.testng.TestNG.run(TestNG.java:1017)
at org.apache.maven.surefire.testng.TestNGExecutor.run(TestNGExecutor.java:284)
at org.apache.maven.surefire.testng.TestNGXmlTestSuite.execute(TestNGXmlTestSuite.java:75)
at org.apache.maven.surefire.testng.TestNGProvider.invoke(TestNGProvider.java:119)
at org.apache.maven.surefire.booter.ForkedBooter.runSuitesInProcess(ForkedBooter.java:428)
at org.apache.maven.surefire.booter.ForkedBooter.execute(ForkedBooter.java:162)
at org.apache.maven.surefire.booter.ForkedBooter.run(ForkedBooter.java:562)
at org.apache.maven.surefire.booter.ForkedBooter.main(ForkedBooter.java:548)
]]>
            </full-stacktrace>
          </exception> <!-- org.openqa.selenium.NoSuchElementException -->
          <reporter-output>
          </reporter-output>
        </test-method> <!-- testFailingLogin -->
        <test-method is-config="true" signature="teardown()[pri:0, instance:tests.FbLoginTester@1c39680d]" started-at="2020-07-15T22:31:05Z" name="teardown" finished-at="2020-07-15T22:31:06Z" duration-ms="983" status="PASS">
          <reporter-output>
          </reporter-output>
        </test-method> <!-- teardown -->
      </class> <!-- tests.FbLoginTester -->
    </test> <!-- Test -->
  </suite> <!-- Suite -->
</testng-results>
