<?xml version="1.0" encoding="UTF-8"?>
<testng-results ignored="0" total="10" passed="10" failed="0" skipped="0">
  <reporter-output>
  </reporter-output>
  <suite started-at="2020-07-13T19:36:23Z" name="Suite" finished-at="2020-07-13T19:38:45Z" duration-ms="141435">
    <groups>
    </groups>
    <test started-at="2020-07-13T19:36:23Z" name="Test" finished-at="2020-07-13T19:38:45Z" duration-ms="141435">
      <class name="tests.FbLoginTester">
        <test-method is-config="true" signature="SetUp()[pri:0, instance:tests.FbLoginTester@1e4d3ce5]" started-at="2020-07-13T19:36:23Z" name="SetUp" finished-at="2020-07-13T19:36:31Z" duration-ms="8151" status="PASS">
          <reporter-output>
          </reporter-output>
        </test-method> <!-- SetUp -->
        <test-method signature="getFBPage()[pri:0, instance:tests.FbLoginTester@1e4d3ce5]" started-at="2020-07-13T19:36:31Z" name="getFBPage" finished-at="2020-07-13T19:36:37Z" duration-ms="5900" status="PASS">
          <reporter-output>
          </reporter-output>
        </test-method> <!-- getFBPage -->
        <test-method signature="testFailingLogin(java.lang.String, java.lang.String)[pri:0, instance:tests.FbLoginTester@1e4d3ce5]" started-at="2020-07-13T19:36:38Z" name="testFailingLogin" data-provider="getExcelTestData" finished-at="2020-07-13T19:36:52Z" duration-ms="13290" status="PASS">
          <params>
            <param index="0">
              <value>
                <![CDATA[]]>
              </value>
            </param>
            <param index="1">
              <value>
                <![CDATA[]]>
              </value>
            </param>
          </params>
          <reporter-output>
          </reporter-output>
        </test-method> <!-- testFailingLogin -->
        <test-method signature="testFailingLogin(java.lang.String, java.lang.String)[pri:0, instance:tests.FbLoginTester@1e4d3ce5]" started-at="2020-07-13T19:36:52Z" name="testFailingLogin" data-provider="getExcelTestData" finished-at="2020-07-13T19:37:05Z" duration-ms="13771" status="PASS">
          <params>
            <param index="0">
              <value>
                <![CDATA[]]>
              </value>
            </param>
            <param index="1">
              <value>
                <![CDATA[testcase2]]>
              </value>
            </param>
          </params>
          <reporter-output>
          </reporter-output>
        </test-method> <!-- testFailingLogin -->
        <test-method signature="testFailingLogin(java.lang.String, java.lang.String)[pri:0, instance:tests.FbLoginTester@1e4d3ce5]" started-at="2020-07-13T19:37:05Z" name="testFailingLogin" data-provider="getExcelTestData" finished-at="2020-07-13T19:37:19Z" duration-ms="13874" status="PASS">
          <params>
            <param index="0">
              <value>
                <![CDATA[]]>
              </value>
            </param>
            <param index="1">
              <value>
                <![CDATA[testcase]]>
              </value>
            </param>
          </params>
          <reporter-output>
          </reporter-output>
        </test-method> <!-- testFailingLogin -->
        <test-method signature="testFailingLogin(java.lang.String, java.lang.String)[pri:0, instance:tests.FbLoginTester@1e4d3ce5]" started-at="2020-07-13T19:37:19Z" name="testFailingLogin" data-provider="getExcelTestData" finished-at="2020-07-13T19:37:33Z" duration-ms="13916" status="PASS">
          <params>
            <param index="0">
              <value>
                <![CDATA[incorrectusername]]>
              </value>
            </param>
            <param index="1">
              <value>
                <![CDATA[]]>
              </value>
            </param>
          </params>
          <reporter-output>
          </reporter-output>
        </test-method> <!-- testFailingLogin -->
        <test-method signature="testFailingLogin(java.lang.String, java.lang.String)[pri:0, instance:tests.FbLoginTester@1e4d3ce5]" started-at="2020-07-13T19:37:33Z" name="testFailingLogin" data-provider="getExcelTestData" finished-at="2020-07-13T19:37:47Z" duration-ms="14095" status="PASS">
          <params>
            <param index="0">
              <value>
                <![CDATA[prasoona@testcase.com]]>
              </value>
            </param>
            <param index="1">
              <value>
                <![CDATA[]]>
              </value>
            </param>
          </params>
          <reporter-output>
          </reporter-output>
        </test-method> <!-- testFailingLogin -->
        <test-method signature="testFailingLogin(java.lang.String, java.lang.String)[pri:0, instance:tests.FbLoginTester@1e4d3ce5]" started-at="2020-07-13T19:37:47Z" name="testFailingLogin" data-provider="getExcelTestData" finished-at="2020-07-13T19:38:02Z" duration-ms="14422" status="PASS">
          <params>
            <param index="0">
              <value>
                <![CDATA[incorrectusername]]>
              </value>
            </param>
            <param index="1">
              <value>
                <![CDATA[incorrectpassword]]>
              </value>
            </param>
          </params>
          <reporter-output>
          </reporter-output>
        </test-method> <!-- testFailingLogin -->
        <test-method signature="testFailingLogin(java.lang.String, java.lang.String)[pri:0, instance:tests.FbLoginTester@1e4d3ce5]" started-at="2020-07-13T19:38:02Z" name="testFailingLogin" data-provider="getExcelTestData" finished-at="2020-07-13T19:38:16Z" duration-ms="14131" status="PASS">
          <params>
            <param index="0">
              <value>
                <![CDATA[prasoona@testcase.com]]>
              </value>
            </param>
            <param index="1">
              <value>
                <![CDATA[]]>
              </value>
            </param>
          </params>
          <reporter-output>
          </reporter-output>
        </test-method> <!-- testFailingLogin -->
        <test-method signature="testFailingLogin(java.lang.String, java.lang.String)[pri:0, instance:tests.FbLoginTester@1e4d3ce5]" started-at="2020-07-13T19:38:16Z" name="testFailingLogin" data-provider="getExcelTestData" finished-at="2020-07-13T19:38:30Z" duration-ms="13839" status="PASS">
          <params>
            <param index="0">
              <value>
                <![CDATA[incorrectusername]]>
              </value>
            </param>
            <param index="1">
              <value>
                <![CDATA[testcase2]]>
              </value>
            </param>
          </params>
          <reporter-output>
          </reporter-output>
        </test-method> <!-- testFailingLogin -->
        <test-method signature="testFailingLogin(java.lang.String, java.lang.String)[pri:0, instance:tests.FbLoginTester@1e4d3ce5]" started-at="2020-07-13T19:38:30Z" name="testFailingLogin" data-provider="getExcelTestData" finished-at="2020-07-13T19:38:44Z" duration-ms="14109" status="PASS">
          <params>
            <param index="0">
              <value>
                <![CDATA[prasoona@testcase.com]]>
              </value>
            </param>
            <param index="1">
              <value>
                <![CDATA[testcase2]]>
              </value>
            </param>
          </params>
          <reporter-output>
          </reporter-output>
        </test-method> <!-- testFailingLogin -->
        <test-method is-config="true" signature="teardown()[pri:0, instance:tests.FbLoginTester@1e4d3ce5]" started-at="2020-07-13T19:38:44Z" name="teardown" finished-at="2020-07-13T19:38:45Z" duration-ms="835" status="PASS">
          <reporter-output>
          </reporter-output>
        </test-method> <!-- teardown -->
      </class> <!-- tests.FbLoginTester -->
    </test> <!-- Test -->
  </suite> <!-- Suite -->
</testng-results>
