<?xml version="1.0" encoding="UTF-8"?>
<testng-results ignored="0" total="10" passed="10" failed="0" skipped="0">
  <reporter-output>
  </reporter-output>
  <suite started-at="2020-07-20T06:16:40Z" name="Default suite" finished-at="2020-07-20T06:19:19Z" duration-ms="158691">
    <groups>
    </groups>
    <test started-at="2020-07-20T06:16:40Z" name="Default test" finished-at="2020-07-20T06:19:19Z" duration-ms="158691">
      <class name="tests.FbLoginTester">
        <test-method is-config="true" signature="SetUp()[pri:0, instance:tests.FbLoginTester@1acaf3d]" started-at="2020-07-20T06:16:40Z" name="SetUp" finished-at="2020-07-20T06:16:48Z" duration-ms="7990" status="PASS">
          <reporter-output>
          </reporter-output>
        </test-method> <!-- SetUp -->
        <test-method signature="getFBPage()[pri:0, instance:tests.FbLoginTester@1acaf3d]" started-at="2020-07-20T06:16:48Z" name="getFBPage" finished-at="2020-07-20T06:16:54Z" duration-ms="6239" status="PASS">
          <reporter-output>
          </reporter-output>
        </test-method> <!-- getFBPage -->
        <test-method signature="testFailingLogin(java.lang.String, java.lang.String)[pri:0, instance:tests.FbLoginTester@1acaf3d]" started-at="2020-07-20T06:16:55Z" name="testFailingLogin" data-provider="getExcelTestData" finished-at="2020-07-20T06:17:38Z" duration-ms="42308" status="PASS">
          <params>
            <param index="0">
              <value>
                <![CDATA[]]>
              </value>
            </param>
            <param index="1">
              <value>
                <![CDATA[]]>
              </value>
            </param>
          </params>
          <reporter-output>
          </reporter-output>
        </test-method> <!-- testFailingLogin -->
        <test-method signature="testFailingLogin(java.lang.String, java.lang.String)[pri:0, instance:tests.FbLoginTester@1acaf3d]" started-at="2020-07-20T06:17:38Z" name="testFailingLogin" data-provider="getExcelTestData" finished-at="2020-07-20T06:17:50Z" duration-ms="12040" status="PASS">
          <params>
            <param index="0">
              <value>
                <![CDATA[]]>
              </value>
            </param>
            <param index="1">
              <value>
                <![CDATA[testcase2]]>
              </value>
            </param>
          </params>
          <reporter-output>
          </reporter-output>
        </test-method> <!-- testFailingLogin -->
        <test-method signature="testFailingLogin(java.lang.String, java.lang.String)[pri:0, instance:tests.FbLoginTester@1acaf3d]" started-at="2020-07-20T06:17:50Z" name="testFailingLogin" data-provider="getExcelTestData" finished-at="2020-07-20T06:18:02Z" duration-ms="12096" status="PASS">
          <params>
            <param index="0">
              <value>
                <![CDATA[]]>
              </value>
            </param>
            <param index="1">
              <value>
                <![CDATA[testcase]]>
              </value>
            </param>
          </params>
          <reporter-output>
          </reporter-output>
        </test-method> <!-- testFailingLogin -->
        <test-method signature="testFailingLogin(java.lang.String, java.lang.String)[pri:0, instance:tests.FbLoginTester@1acaf3d]" started-at="2020-07-20T06:18:02Z" name="testFailingLogin" data-provider="getExcelTestData" finished-at="2020-07-20T06:18:14Z" duration-ms="12277" status="PASS">
          <params>
            <param index="0">
              <value>
                <![CDATA[incorrectusername]]>
              </value>
            </param>
            <param index="1">
              <value>
                <![CDATA[]]>
              </value>
            </param>
          </params>
          <reporter-output>
          </reporter-output>
        </test-method> <!-- testFailingLogin -->
        <test-method signature="testFailingLogin(java.lang.String, java.lang.String)[pri:0, instance:tests.FbLoginTester@1acaf3d]" started-at="2020-07-20T06:18:14Z" name="testFailingLogin" data-provider="getExcelTestData" finished-at="2020-07-20T06:18:27Z" duration-ms="12790" status="PASS">
          <params>
            <param index="0">
              <value>
                <![CDATA[alphatestcase2020@gmail.com]]>
              </value>
            </param>
            <param index="1">
              <value>
                <![CDATA[]]>
              </value>
            </param>
          </params>
          <reporter-output>
          </reporter-output>
        </test-method> <!-- testFailingLogin -->
        <test-method signature="testFailingLogin(java.lang.String, java.lang.String)[pri:0, instance:tests.FbLoginTester@1acaf3d]" started-at="2020-07-20T06:18:27Z" name="testFailingLogin" data-provider="getExcelTestData" finished-at="2020-07-20T06:18:40Z" duration-ms="12588" status="PASS">
          <params>
            <param index="0">
              <value>
                <![CDATA[incorrectusername]]>
              </value>
            </param>
            <param index="1">
              <value>
                <![CDATA[incorrectpassword]]>
              </value>
            </param>
          </params>
          <reporter-output>
          </reporter-output>
        </test-method> <!-- testFailingLogin -->
        <test-method signature="testFailingLogin(java.lang.String, java.lang.String)[pri:0, instance:tests.FbLoginTester@1acaf3d]" started-at="2020-07-20T06:18:40Z" name="testFailingLogin" data-provider="getExcelTestData" finished-at="2020-07-20T06:18:52Z" duration-ms="12754" status="PASS">
          <params>
            <param index="0">
              <value>
                <![CDATA[alphatestcase2020@gmail.com]]>
              </value>
            </param>
            <param index="1">
              <value>
                <![CDATA[incorrectpassword]]>
              </value>
            </param>
          </params>
          <reporter-output>
          </reporter-output>
        </test-method> <!-- testFailingLogin -->
        <test-method signature="testFailingLogin(java.lang.String, java.lang.String)[pri:0, instance:tests.FbLoginTester@1acaf3d]" started-at="2020-07-20T06:18:52Z" name="testFailingLogin" data-provider="getExcelTestData" finished-at="2020-07-20T06:19:05Z" duration-ms="12533" status="PASS">
          <params>
            <param index="0">
              <value>
                <![CDATA[incorrectusername]]>
              </value>
            </param>
            <param index="1">
              <value>
                <![CDATA[testcase2]]>
              </value>
            </param>
          </params>
          <reporter-output>
          </reporter-output>
        </test-method> <!-- testFailingLogin -->
        <test-method signature="testFailingLogin(java.lang.String, java.lang.String)[pri:0, instance:tests.FbLoginTester@1acaf3d]" started-at="2020-07-20T06:19:05Z" name="testFailingLogin" data-provider="getExcelTestData" finished-at="2020-07-20T06:19:18Z" duration-ms="12913" status="PASS">
          <params>
            <param index="0">
              <value>
                <![CDATA[alphatestcase2020@gmail.com]]>
              </value>
            </param>
            <param index="1">
              <value>
                <![CDATA[Alpha@2020]]>
              </value>
            </param>
          </params>
          <reporter-output>
          </reporter-output>
        </test-method> <!-- testFailingLogin -->
        <test-method is-config="true" signature="teardown()[pri:0, instance:tests.FbLoginTester@1acaf3d]" started-at="2020-07-20T06:19:18Z" name="teardown" finished-at="2020-07-20T06:19:19Z" duration-ms="884" status="PASS">
          <reporter-output>
          </reporter-output>
        </test-method> <!-- teardown -->
      </class> <!-- tests.FbLoginTester -->
    </test> <!-- Default test -->
  </suite> <!-- Default suite -->
</testng-results>
